mode: set
github.com/user/mangahub/internal/infrastructure/sqlite.go:11.47,13.16 2 1
github.com/user/mangahub/internal/infrastructure/sqlite.go:13.16,15.3 1 0
github.com/user/mangahub/internal/infrastructure/sqlite.go:18.2,18.34 1 1
github.com/user/mangahub/internal/infrastructure/sqlite.go:18.34,20.3 1 1
github.com/user/mangahub/internal/infrastructure/sqlite.go:23.2,28.16 3 1
github.com/user/mangahub/internal/infrastructure/sqlite.go:28.16,30.3 1 0
github.com/user/mangahub/internal/infrastructure/sqlite.go:32.2,32.16 1 1
github.com/user/mangahub/internal/eventbus/bus.go:21.44,26.2 1 1
github.com/user/mangahub/internal/eventbus/bus.go:29.64,37.2 5 1
github.com/user/mangahub/internal/eventbus/bus.go:40.76,45.13 4 1
github.com/user/mangahub/internal/eventbus/bus.go:45.13,47.3 1 0
github.com/user/mangahub/internal/eventbus/bus.go:49.2,49.30 1 1
github.com/user/mangahub/internal/eventbus/bus.go:49.30,50.21 1 1
github.com/user/mangahub/internal/eventbus/bus.go:50.21,57.9 4 1
github.com/user/mangahub/internal/eventbus/bus.go:62.2,62.36 1 1
github.com/user/mangahub/internal/eventbus/bus.go:62.36,64.3 1 0
github.com/user/mangahub/internal/eventbus/bus.go:70.48,75.13 4 1
github.com/user/mangahub/internal/eventbus/bus.go:75.13,77.3 1 0
github.com/user/mangahub/internal/eventbus/bus.go:79.2,79.30 1 1
github.com/user/mangahub/internal/eventbus/bus.go:79.30,80.10 1 1
github.com/user/mangahub/internal/eventbus/bus.go:81.20,81.20 0 1
github.com/user/mangahub/internal/eventbus/bus.go:83.11,86.41 1 1
github.com/user/mangahub/internal/eventbus/bus.go:92.42,94.2 1 1
