mode: set
github.com/user/mangahub/internal/middleware/auth.go:20.68,21.46 1 1
github.com/user/mangahub/internal/middleware/auth.go:21.46,22.72 1 1
github.com/user/mangahub/internal/middleware/auth.go:22.72,24.24 2 1
github.com/user/mangahub/internal/middleware/auth.go:24.24,27.5 2 1
github.com/user/mangahub/internal/middleware/auth.go:29.4,30.47 2 1
github.com/user/mangahub/internal/middleware/auth.go:30.47,33.5 2 0
github.com/user/mangahub/internal/middleware/auth.go:35.4,36.85 2 1
github.com/user/mangahub/internal/middleware/auth.go:36.85,37.60 1 1
github.com/user/mangahub/internal/middleware/auth.go:37.60,39.6 1 0
github.com/user/mangahub/internal/middleware/auth.go:40.5,40.31 1 1
github.com/user/mangahub/internal/middleware/auth.go:43.4,43.34 1 1
github.com/user/mangahub/internal/middleware/auth.go:43.34,46.5 2 1
github.com/user/mangahub/internal/middleware/auth.go:48.4,49.11 2 1
github.com/user/mangahub/internal/middleware/auth.go:49.11,52.5 2 0
github.com/user/mangahub/internal/middleware/auth.go:55.4,61.41 5 1
github.com/user/mangahub/internal/adapters/database/sqlite_manga_repo.go:12.60,14.2 1 1
github.com/user/mangahub/internal/adapters/database/sqlite_manga_repo.go:16.59,19.16 3 1
github.com/user/mangahub/internal/adapters/database/sqlite_manga_repo.go:19.16,21.3 1 0
github.com/user/mangahub/internal/adapters/database/sqlite_manga_repo.go:22.2,23.16 2 1
github.com/user/mangahub/internal/adapters/database/sqlite_manga_repo.go:23.16,25.3 1 0
github.com/user/mangahub/internal/adapters/database/sqlite_manga_repo.go:26.2,27.12 2 1
github.com/user/mangahub/internal/adapters/database/sqlite_manga_repo.go:30.67,36.16 5 1
github.com/user/mangahub/internal/adapters/database/sqlite_manga_repo.go:36.16,37.27 1 0
github.com/user/mangahub/internal/adapters/database/sqlite_manga_repo.go:37.27,39.4 1 0
github.com/user/mangahub/internal/adapters/database/sqlite_manga_repo.go:40.3,40.18 1 0
github.com/user/mangahub/internal/adapters/database/sqlite_manga_repo.go:42.2,42.15 1 1
github.com/user/mangahub/internal/adapters/database/sqlite_progress_repo.go:12.66,14.2 1 1
github.com/user/mangahub/internal/adapters/database/sqlite_progress_repo.go:16.72,24.2 3 1
github.com/user/mangahub/internal/adapters/database/sqlite_progress_repo.go:26.100,32.16 5 1
github.com/user/mangahub/internal/adapters/database/sqlite_progress_repo.go:32.16,33.27 1 0
github.com/user/mangahub/internal/adapters/database/sqlite_progress_repo.go:33.27,35.4 1 0
github.com/user/mangahub/internal/adapters/database/sqlite_progress_repo.go:36.3,36.18 1 0
github.com/user/mangahub/internal/adapters/database/sqlite_progress_repo.go:38.2,38.15 1 1
github.com/user/mangahub/internal/adapters/database/sqlite_user_repo.go:12.58,14.2 1 1
github.com/user/mangahub/internal/adapters/database/sqlite_user_repo.go:16.56,19.16 3 1
github.com/user/mangahub/internal/adapters/database/sqlite_user_repo.go:19.16,21.3 1 0
github.com/user/mangahub/internal/adapters/database/sqlite_user_repo.go:22.2,23.16 2 1
github.com/user/mangahub/internal/adapters/database/sqlite_user_repo.go:23.16,25.3 1 0
github.com/user/mangahub/internal/adapters/database/sqlite_user_repo.go:26.2,27.12 2 1
github.com/user/mangahub/internal/adapters/database/sqlite_user_repo.go:30.80,36.16 5 1
github.com/user/mangahub/internal/adapters/database/sqlite_user_repo.go:36.16,37.27 1 0
github.com/user/mangahub/internal/adapters/database/sqlite_user_repo.go:37.27,39.4 1 0
github.com/user/mangahub/internal/adapters/database/sqlite_user_repo.go:40.3,40.18 1 0
github.com/user/mangahub/internal/adapters/database/sqlite_user_repo.go:42.2,42.18 1 1
github.com/user/mangahub/internal/infrastructure/sqlite.go:11.47,13.16 2 1
github.com/user/mangahub/internal/infrastructure/sqlite.go:13.16,15.3 1 0
github.com/user/mangahub/internal/infrastructure/sqlite.go:18.2,18.34 1 1
github.com/user/mangahub/internal/infrastructure/sqlite.go:18.34,20.3 1 1
github.com/user/mangahub/internal/infrastructure/sqlite.go:23.2,28.16 3 1
github.com/user/mangahub/internal/infrastructure/sqlite.go:28.16,30.3 1 0
github.com/user/mangahub/internal/infrastructure/sqlite.go:32.2,32.16 1 1
github.com/user/mangahub/internal/infrastructure/sqlite.go:36.35,63.16 3 1
github.com/user/mangahub/internal/infrastructure/sqlite.go:63.16,65.3 1 0
github.com/user/mangahub/internal/infrastructure/sqlite.go:66.2,66.12 1 1
github.com/user/mangahub/internal/application/auth_service.go:26.61,28.2 1 1
github.com/user/mangahub/internal/application/auth_service.go:30.87,31.73 1 1
github.com/user/mangahub/internal/application/auth_service.go:31.73,33.3 1 1
github.com/user/mangahub/internal/application/auth_service.go:35.2,36.16 2 1
github.com/user/mangahub/internal/application/auth_service.go:36.16,38.3 1 0
github.com/user/mangahub/internal/application/auth_service.go:40.2,46.43 2 1
github.com/user/mangahub/internal/application/auth_service.go:46.43,48.3 1 0
github.com/user/mangahub/internal/application/auth_service.go:50.2,50.15 1 1
github.com/user/mangahub/internal/application/auth_service.go:53.78,55.31 2 1
github.com/user/mangahub/internal/application/auth_service.go:55.31,57.3 1 0
github.com/user/mangahub/internal/application/auth_service.go:59.2,59.99 1 1
github.com/user/mangahub/internal/application/auth_service.go:59.99,61.3 1 1
github.com/user/mangahub/internal/application/auth_service.go:63.2,63.18 1 1
github.com/user/mangahub/internal/application/manga_service.go:26.88,28.2 1 1
github.com/user/mangahub/internal/application/manga_service.go:30.76,32.21 1 1
github.com/user/mangahub/internal/application/manga_service.go:32.21,34.3 1 1
github.com/user/mangahub/internal/application/manga_service.go:36.2,36.43 1 1
github.com/user/mangahub/internal/application/manga_service.go:36.43,38.3 1 0
github.com/user/mangahub/internal/application/manga_service.go:41.2,46.12 2 1
github.com/user/mangahub/internal/application/progress_service.go:19.97,21.2 1 1
github.com/user/mangahub/internal/application/progress_service.go:23.79,24.46 1 1
github.com/user/mangahub/internal/application/progress_service.go:24.46,26.3 1 0
github.com/user/mangahub/internal/application/progress_service.go:29.2,34.12 2 1
github.com/user/mangahub/internal/eventbus/bus.go:21.44,26.2 1 1
github.com/user/mangahub/internal/eventbus/bus.go:29.64,37.2 5 1
github.com/user/mangahub/internal/eventbus/bus.go:40.76,45.13 4 1
github.com/user/mangahub/internal/eventbus/bus.go:45.13,47.3 1 0
github.com/user/mangahub/internal/eventbus/bus.go:49.2,49.30 1 1
github.com/user/mangahub/internal/eventbus/bus.go:49.30,50.21 1 1
github.com/user/mangahub/internal/eventbus/bus.go:50.21,57.9 4 1
github.com/user/mangahub/internal/eventbus/bus.go:62.2,62.36 1 1
github.com/user/mangahub/internal/eventbus/bus.go:62.36,64.3 1 0
github.com/user/mangahub/internal/eventbus/bus.go:70.48,75.13 4 1
github.com/user/mangahub/internal/eventbus/bus.go:75.13,77.3 1 0
github.com/user/mangahub/internal/eventbus/bus.go:79.2,79.30 1 1
github.com/user/mangahub/internal/eventbus/bus.go:79.30,80.10 1 1
github.com/user/mangahub/internal/eventbus/bus.go:81.20,81.20 0 1
github.com/user/mangahub/internal/eventbus/bus.go:83.11,86.41 1 1
github.com/user/mangahub/internal/eventbus/bus.go:92.42,94.2 1 1
github.com/user/mangahub/config/config.go:15.27,17.21 2 1
github.com/user/mangahub/config/config.go:17.21,20.3 1 1
github.com/user/mangahub/config/config.go:22.2,23.18 2 1
github.com/user/mangahub/config/config.go:23.18,25.3 1 1
github.com/user/mangahub/config/config.go:27.2,28.16 2 1
github.com/user/mangahub/config/config.go:28.16,30.3 1 1
github.com/user/mangahub/config/config.go:32.2,36.3 1 1
github.com/user/mangahub/internal/interfaces/http/handlers.go:21.78,23.2 1 1
github.com/user/mangahub/internal/interfaces/http/handlers.go:25.72,31.61 2 1
github.com/user/mangahub/internal/interfaces/http/handlers.go:31.61,34.3 2 0
github.com/user/mangahub/internal/interfaces/http/handlers.go:36.2,37.16 2 1
github.com/user/mangahub/internal/interfaces/http/handlers.go:37.16,40.3 2 1
github.com/user/mangahub/internal/interfaces/http/handlers.go:42.2,43.33 2 1
github.com/user/mangahub/internal/interfaces/http/handlers.go:46.69,51.61 2 1
github.com/user/mangahub/internal/interfaces/http/handlers.go:51.61,54.3 2 0
github.com/user/mangahub/internal/interfaces/http/handlers.go:56.2,57.16 2 1
github.com/user/mangahub/internal/interfaces/http/handlers.go:57.16,60.3 2 1
github.com/user/mangahub/internal/interfaces/http/handlers.go:62.2,69.16 3 1
github.com/user/mangahub/internal/interfaces/http/handlers.go:69.16,72.3 2 0
github.com/user/mangahub/internal/interfaces/http/handlers.go:74.2,74.68 1 1
github.com/user/mangahub/internal/interfaces/http/handlers.go:81.66,83.2 1 1
github.com/user/mangahub/internal/interfaces/http/handlers.go:85.71,87.9 2 1
github.com/user/mangahub/internal/interfaces/http/handlers.go:87.9,90.3 2 0
github.com/user/mangahub/internal/interfaces/http/handlers.go:92.2,93.63 2 1
github.com/user/mangahub/internal/interfaces/http/handlers.go:93.63,96.3 2 1
github.com/user/mangahub/internal/interfaces/http/handlers.go:98.2,98.65 1 1
github.com/user/mangahub/internal/interfaces/http/handlers.go:98.65,101.3 2 0
github.com/user/mangahub/internal/interfaces/http/handlers.go:103.2,104.34 2 1
github.com/user/mangahub/internal/interfaces/http/handlers.go:111.75,113.2 1 1
github.com/user/mangahub/internal/interfaces/http/handlers.go:115.74,117.9 2 1
github.com/user/mangahub/internal/interfaces/http/handlers.go:117.9,120.3 2 0
github.com/user/mangahub/internal/interfaces/http/handlers.go:122.2,126.61 2 1
github.com/user/mangahub/internal/interfaces/http/handlers.go:126.61,129.3 2 1
github.com/user/mangahub/internal/interfaces/http/handlers.go:131.2,137.67 2 1
github.com/user/mangahub/internal/interfaces/http/handlers.go:137.67,140.3 2 0
github.com/user/mangahub/internal/interfaces/http/handlers.go:142.2,142.37 1 1
github.com/user/mangahub/internal/interfaces/http/handlers.go:150.74,152.2 1 1
github.com/user/mangahub/internal/interfaces/http/handlers.go:154.71,157.18 3 1
github.com/user/mangahub/internal/interfaces/http/handlers.go:157.18,159.3 1 0
github.com/user/mangahub/internal/interfaces/http/handlers.go:161.2,168.4 1 1
github.com/user/mangahub/internal/interfaces/http/router.go:16.18,34.2 8 1
