mode: set
github.com/user/mangahub/internal/infrastructure/sqlite.go:11.47,13.16 2 1
github.com/user/mangahub/internal/infrastructure/sqlite.go:13.16,15.3 1 0
github.com/user/mangahub/internal/infrastructure/sqlite.go:18.2,18.34 1 1
github.com/user/mangahub/internal/infrastructure/sqlite.go:18.34,20.3 1 1
github.com/user/mangahub/internal/infrastructure/sqlite.go:23.2,28.16 3 1
github.com/user/mangahub/internal/infrastructure/sqlite.go:28.16,30.3 1 0
github.com/user/mangahub/internal/infrastructure/sqlite.go:32.2,32.16 1 1
